<?xml version="1.0" encoding="UTF-8"?>
<testng-results ignored="0" total="1" passed="1" failed="0" skipped="0">
  <reporter-output>
  </reporter-output>
  <suite started-at="2024-03-27T00:57:02 PDT" name="Default suite" finished-at="2024-03-27T00:57:08 PDT" duration-ms="5164">
    <groups>
    </groups>
    <test started-at="2024-03-27T00:57:02 PDT" name="Default test" finished-at="2024-03-27T00:57:08 PDT" duration-ms="5164">
      <class name="PageClass.Dropdown">
        <test-method signature="dropdown()[pri:0, instance:PageClass.Dropdown@57d7f8ca]" started-at="2024-03-27T00:57:02 PDT" name="dropdown" finished-at="2024-03-27T00:57:08 PDT" duration-ms="5120" status="PASS">
          <reporter-output>
          </reporter-output>
        </test-method> <!-- dropdown -->
      </class> <!-- PageClass.Dropdown -->
    </test> <!-- Default test -->
  </suite> <!-- Default suite -->
</testng-results>
