<?xml version="1.0" encoding="UTF-8"?>
<testng-results ignored="0" total="1" passed="1" failed="0" skipped="0">
  <reporter-output>
  </reporter-output>
  <suite started-at="2024-03-27T02:47:27 PDT" name="Suite" finished-at="2024-03-27T02:47:33 PDT" duration-ms="6436">
    <groups>
    </groups>
    <test started-at="2024-03-27T02:47:27 PDT" name="Test" finished-at="2024-03-27T02:47:33 PDT" duration-ms="6436">
      <class name="PageClass.Dropdown">
        <test-method signature="dropdown()[pri:0, instance:PageClass.Dropdown@1da2cb77]" started-at="2024-03-27T02:47:27 PDT" name="dropdown" finished-at="2024-03-27T02:47:33 PDT" duration-ms="6384" status="PASS">
          <reporter-output>
          </reporter-output>
        </test-method> <!-- dropdown -->
      </class> <!-- PageClass.Dropdown -->
    </test> <!-- Test -->
  </suite> <!-- Suite -->
</testng-results>
